mode: set
algo/doublebooked/btree/node.go:18.56,22.9 2 1
algo/doublebooked/btree/node.go:87.2,87.16 1 0
algo/doublebooked/btree/node.go:91.2,91.14 1 0
algo/doublebooked/btree/node.go:23.46,24.15 1 0
algo/doublebooked/btree/node.go:25.111,27.20 1 1
algo/doublebooked/btree/node.go:44.3,44.30 1 0
algo/doublebooked/btree/node.go:47.3,47.30 1 0
algo/doublebooked/btree/node.go:56.111,58.21 1 1
algo/doublebooked/btree/node.go:73.3,73.30 1 0
algo/doublebooked/btree/node.go:76.3,76.31 1 0
algo/doublebooked/btree/node.go:27.20,31.32 2 1
algo/doublebooked/btree/node.go:35.4,35.22 1 1
algo/doublebooked/btree/node.go:39.4,40.16 2 0
algo/doublebooked/btree/node.go:31.32,33.5 1 0
algo/doublebooked/btree/node.go:35.22,38.5 2 1
algo/doublebooked/btree/node.go:44.30,46.4 1 0
algo/doublebooked/btree/node.go:47.30,48.41 1 0
algo/doublebooked/btree/node.go:48.41,50.5 1 0
algo/doublebooked/btree/node.go:50.5,52.5 1 0
algo/doublebooked/btree/node.go:53.4,55.4 1 0
algo/doublebooked/btree/node.go:58.21,61.33 2 1
algo/doublebooked/btree/node.go:65.4,65.21 1 1
algo/doublebooked/btree/node.go:69.4,70.16 2 0
algo/doublebooked/btree/node.go:61.33,63.5 1 1
algo/doublebooked/btree/node.go:65.21,68.5 2 1
algo/doublebooked/btree/node.go:73.30,75.4 1 0
algo/doublebooked/btree/node.go:76.31,77.43 1 0
algo/doublebooked/btree/node.go:77.43,79.5 1 0
algo/doublebooked/btree/node.go:79.5,81.5 1 0
algo/doublebooked/btree/node.go:82.4,84.4 1 0
algo/doublebooked/btree/node.go:87.16,89.3 1 0
algo/doublebooked/btree/node.go:95.36,100.20 4 0
algo/doublebooked/btree/node.go:114.2,115.25 2 0
algo/doublebooked/btree/node.go:119.2,119.17 1 0
algo/doublebooked/btree/node.go:124.2,125.11 2 0
algo/doublebooked/btree/node.go:100.20,101.49 1 0
algo/doublebooked/btree/node.go:101.49,103.4 1 0
algo/doublebooked/btree/node.go:103.4,105.4 1 0
algo/doublebooked/btree/node.go:106.3,106.44 1 0
algo/doublebooked/btree/node.go:106.44,108.3 1 0
algo/doublebooked/btree/node.go:108.3,108.43 1 0
algo/doublebooked/btree/node.go:108.43,110.3 1 0
algo/doublebooked/btree/node.go:110.3,112.3 1 0
algo/doublebooked/btree/node.go:115.25,117.3 1 0
algo/doublebooked/btree/node.go:119.17,121.3 1 0
algo/doublebooked/btree/node.go:121.3,123.3 1 0
algo/doublebooked/btree/node.go:128.37,132.19 4 0
algo/doublebooked/btree/node.go:146.2,147.25 2 0
algo/doublebooked/btree/node.go:150.2,150.17 1 0
algo/doublebooked/btree/node.go:155.2,156.11 2 0
algo/doublebooked/btree/node.go:132.19,133.51 1 0
algo/doublebooked/btree/node.go:133.51,135.4 1 0
algo/doublebooked/btree/node.go:135.4,137.4 1 0
algo/doublebooked/btree/node.go:138.3,138.43 1 0
algo/doublebooked/btree/node.go:138.43,140.3 1 0
algo/doublebooked/btree/node.go:140.3,140.44 1 0
algo/doublebooked/btree/node.go:140.44,142.3 1 0
algo/doublebooked/btree/node.go:142.3,144.3 1 0
algo/doublebooked/btree/node.go:147.25,149.3 1 0
algo/doublebooked/btree/node.go:150.17,152.3 1 0
algo/doublebooked/btree/node.go:152.3,154.3 1 0
algo/doublebooked/btree/node.go:159.41,165.2 5 0
algo/doublebooked/btree/node.go:167.41,174.2 5 0
algo/doublebooked/btree/node.go:176.35,180.9 3 0
algo/doublebooked/btree/node.go:181.39,182.19 1 0
algo/doublebooked/btree/node.go:183.38,184.18 1 0
algo/doublebooked/btree/node.go:185.38,186.23 1 0
algo/doublebooked/btree/node.go:187.39,188.23 1 0
algo/doublebooked/btree/node.go:192.57,194.45 1 0
algo/doublebooked/btree/node.go:198.2,198.75 1 0
algo/doublebooked/btree/node.go:194.45,196.3 1 0
algo/doublebooked/btree/node.go:202.52,203.14 1 0
algo/doublebooked/btree/node.go:207.2,208.11 2 0
algo/doublebooked/btree/node.go:212.2,216.8 4 0
algo/doublebooked/btree/node.go:203.14,205.3 1 0
algo/doublebooked/btree/node.go:208.11,210.3 1 0
algo/doublebooked/btree/tree.go:12.69,14.38 1 0
algo/doublebooked/btree/tree.go:27.2,27.8 1 0
algo/doublebooked/btree/tree.go:14.38,18.30 2 0
algo/doublebooked/btree/tree.go:23.3,23.28 1 0
algo/doublebooked/btree/tree.go:18.30,21.4 2 0
algo/doublebooked/btree/tree.go:31.51,33.19 1 0
algo/doublebooked/btree/tree.go:37.2,38.39 2 0
algo/doublebooked/btree/tree.go:33.19,36.3 2 0
algo/doublebooked/btree/tree.go:38.39,40.3 1 0
algo/doublebooked/btree/tree.go:44.28,48.2 3 0
algo/doublebooked/btree/tree.go:50.23,52.2 1 0
algo/doublebooked/btree/tree.go:54.77,56.25 1 0
algo/doublebooked/btree/tree.go:60.2,60.53 1 0
algo/doublebooked/btree/tree.go:63.2,63.55 1 0
algo/doublebooked/btree/tree.go:67.2,67.8 1 0
algo/doublebooked/btree/tree.go:56.25,58.3 1 0
algo/doublebooked/btree/tree.go:60.53,62.3 1 0
algo/doublebooked/btree/tree.go:63.55,65.3 1 0
